[
  {
    "Plan": {
      "Node Type": "Aggregate",
      "Strategy": "Sorted",
      "Startup Cost": 1345544.00,
      "Total Cost": 1435565.78,
      "Plan Rows": 3000726,
      "Plan Width": 44,
      "Actual Startup Time": 84799.383,
      "Actual Total Time": 92596.385,
      "Actual Rows": 1137386,
      "Actual Loops": 1,
      "Output": ["customer.c_name", "customer.c_custkey", "orders.o_orderkey", "orders.o_orderdate", "orders.o_totalprice", "sum(lineitem.l_quantity)"],
      "Group Key": ["orders.o_totalprice", "orders.o_orderdate", "customer.c_name", "customer.c_custkey", "orders.o_orderkey"],
      "Shared Hit Blocks": 20756,
      "Shared Read Blocks": 235201,
      "Shared Dirtied Blocks": 0,
      "Shared Written Blocks": 0,
      "Local Hit Blocks": 0,
      "Local Read Blocks": 0,
      "Local Dirtied Blocks": 0,
      "Local Written Blocks": 0,
      "Temp Read Blocks": 122933,
      "Temp Written Blocks": 122865,
      "I/O Read Time": 0.000,
      "I/O Write Time": 0.000,
      "Plans": [
        {
          "Node Type": "Sort",
          "Parent Relationship": "Outer",
          "Startup Cost": 1345544.00,
          "Total Cost": 1353045.82,
          "Plan Rows": 3000726,
          "Plan Width": 44,
          "Actual Startup Time": 84799.360,
          "Actual Total Time": 90100.110,
          "Actual Rows": 5435184,
          "Actual Loops": 1,
          "Output": ["customer.c_name", "customer.c_custkey", "orders.o_orderkey", "orders.o_orderdate", "orders.o_totalprice", "lineitem.l_quantity"],
          "Sort Key": ["orders.o_totalprice", "orders.o_orderdate", "customer.c_name", "customer.c_custkey", "orders.o_orderkey"],
          "Sort Method": "external merge",
          "Sort Space Used": 297432,
          "Sort Space Type": "Disk",
          "Shared Hit Blocks": 20756,
          "Shared Read Blocks": 235201,
          "Shared Dirtied Blocks": 0,
          "Shared Written Blocks": 0,
          "Local Hit Blocks": 0,
          "Local Read Blocks": 0,
          "Local Dirtied Blocks": 0,
          "Local Written Blocks": 0,
          "Temp Read Blocks": 122933,
          "Temp Written Blocks": 122865,
          "I/O Read Time": 0.000,
          "I/O Write Time": 0.000,
          "Plans": [
            {
              "Node Type": "Hash Join",
              "Parent Relationship": "Outer",
              "Join Type": "Inner",
              "Startup Cost": 546820.84,
              "Total Cost": 838094.69,
              "Plan Rows": 3000726,
              "Plan Width": 44,
              "Actual Startup Time": 30932.944,
              "Actual Total Time": 38335.808,
              "Actual Rows": 5435184,
              "Actual Loops": 1,
              "Output": ["customer.c_name", "customer.c_custkey", "orders.o_orderkey", "orders.o_orderdate", "orders.o_totalprice", "lineitem.l_quantity"],
              "Hash Cond": "(lineitem.l_orderkey = orders.o_orderkey)",
              "Shared Hit Blocks": 20743,
              "Shared Read Blocks": 235201,
              "Shared Dirtied Blocks": 0,
              "Shared Written Blocks": 0,
              "Local Hit Blocks": 0,
              "Local Read Blocks": 0,
              "Local Dirtied Blocks": 0,
              "Local Written Blocks": 0,
              "Temp Read Blocks": 40809,
              "Temp Written Blocks": 40741,
              "I/O Read Time": 0.000,
              "I/O Write Time": 0.000,
              "Plans": [
                {
                  "Node Type": "Seq Scan",
                  "Parent Relationship": "Outer",
                  "Relation Name": "lineitem",
                  "Schema": "public",
                  "Alias": "lineitem",
                  "Startup Cost": 0.00,
                  "Total Cost": 158557.52,
                  "Plan Rows": 6001452,
                  "Plan Width": 9,
                  "Actual Startup Time": 0.007,
                  "Actual Total Time": 1020.698,
                  "Actual Rows": 6001215,
                  "Actual Loops": 1,
                  "Output": ["lineitem.l_quantity", "lineitem.l_orderkey"],
                  "Shared Hit Blocks": 11143,
                  "Shared Read Blocks": 87400,
                  "Shared Dirtied Blocks": 0,
                  "Shared Written Blocks": 0,
                  "Local Hit Blocks": 0,
                  "Local Read Blocks": 0,
                  "Local Dirtied Blocks": 0,
                  "Local Written Blocks": 0,
                  "Temp Read Blocks": 0,
                  "Temp Written Blocks": 0,
                  "I/O Read Time": 0.000,
                  "I/O Write Time": 0.000
                },
                {
                  "Node Type": "Hash",
                  "Parent Relationship": "Inner",
                  "Startup Cost": 530853.84,
                  "Total Cost": 530853.84,
                  "Plan Rows": 750000,
                  "Plan Width": 43,
                  "Actual Startup Time": 30932.626,
                  "Actual Total Time": 30932.626,
                  "Actual Rows": 1137386,
                  "Actual Loops": 1,
                  "Output": ["customer.c_name", "customer.c_custkey", "orders.o_orderkey", "orders.o_orderdate", "orders.o_totalprice", "lineitem_1.l_orderkey"],
                  "Hash Buckets": 8192,
                  "Hash Batches": 32,
                  "Original Hash Batches": 16,
                  "Peak Memory Usage": 4097,
                  "Shared Hit Blocks": 9600,
                  "Shared Read Blocks": 147801,
                  "Shared Dirtied Blocks": 0,
                  "Shared Written Blocks": 0,
                  "Local Hit Blocks": 0,
                  "Local Read Blocks": 0,
                  "Local Dirtied Blocks": 0,
                  "Local Written Blocks": 0,
                  "Temp Read Blocks": 5590,
                  "Temp Written Blocks": 14709,
                  "I/O Read Time": 0.000,
                  "I/O Write Time": 0.000,
                  "Plans": [
                    {
                      "Node Type": "Hash Join",
                      "Parent Relationship": "Outer",
                      "Join Type": "Inner",
                      "Startup Cost": 7820.86,
                      "Total Cost": 530853.84,
                      "Plan Rows": 750000,
                      "Plan Width": 43,
                      "Actual Startup Time": 896.621,
                      "Actual Total Time": 30478.279,
                      "Actual Rows": 1137386,
                      "Actual Loops": 1,
                      "Output": ["customer.c_name", "customer.c_custkey", "orders.o_orderkey", "orders.o_orderdate", "orders.o_totalprice", "lineitem_1.l_orderkey"],
                      "Hash Cond": "(orders.o_custkey = customer.c_custkey)",
                      "Shared Hit Blocks": 9600,
                      "Shared Read Blocks": 147801,
                      "Shared Dirtied Blocks": 0,
                      "Shared Written Blocks": 0,
                      "Local Hit Blocks": 0,
                      "Local Read Blocks": 0,
                      "Local Dirtied Blocks": 0,
                      "Local Written Blocks": 0,
                      "Temp Read Blocks": 5590,
                      "Temp Written Blocks": 5584,
                      "I/O Read Time": 0.000,
                      "I/O Write Time": 0.000,
                      "Plans": [
                        {
                          "Node Type": "Merge Join",
                          "Parent Relationship": "Outer",
                          "Join Type": "Semi",
                          "Startup Cost": 0.86,
                          "Total Cost": 499302.34,
                          "Plan Rows": 750000,
                          "Plan Width": 24,
                          "Actual Startup Time": 0.051,
                          "Actual Total Time": 28134.624,
                          "Actual Rows": 1137386,
                          "Actual Loops": 1,
                          "Output": ["orders.o_orderkey", "orders.o_orderdate", "orders.o_totalprice", "orders.o_custkey", "lineitem_1.l_orderkey"],
                          "Merge Cond": "(orders.o_orderkey = lineitem_1.l_orderkey)",
                          "Shared Hit Blocks": 9598,
                          "Shared Read Blocks": 144237,
                          "Shared Dirtied Blocks": 0,
                          "Shared Written Blocks": 0,
                          "Local Hit Blocks": 0,
                          "Local Read Blocks": 0,
                          "Local Dirtied Blocks": 0,
                          "Local Written Blocks": 0,
                          "Temp Read Blocks": 0,
                          "Temp Written Blocks": 0,
                          "I/O Read Time": 0.000,
                          "I/O Write Time": 0.000,
                          "Plans": [
                            {
                              "Node Type": "Index Scan",
                              "Parent Relationship": "Outer",
                              "Scan Direction": "Forward",
                              "Index Name": "orders_pkey",
                              "Relation Name": "orders",
                              "Schema": "public",
                              "Alias": "orders",
                              "Startup Cost": 0.43,
                              "Total Cost": 64163.85,
                              "Plan Rows": 1500000,
                              "Plan Width": 20,
                              "Actual Startup Time": 0.009,
                              "Actual Total Time": 4745.662,
                              "Actual Rows": 1500000,
                              "Actual Loops": 1,
                              "Output": ["orders.o_orderkey", "orders.o_custkey", "orders.o_orderstatus", "orders.o_totalprice", "orders.o_orderdate", "orders.o_orderpriority", "orders.o_clerk", "orders.o_shippriority", "orders.o_comment"],
                              "Shared Hit Blocks": 4470,
                              "Shared Read Blocks": 29299,
                              "Shared Dirtied Blocks": 0,
                              "Shared Written Blocks": 0,
                              "Local Hit Blocks": 0,
                              "Local Read Blocks": 0,
                              "Local Dirtied Blocks": 0,
                              "Local Written Blocks": 0,
                              "Temp Read Blocks": 0,
                              "Temp Written Blocks": 0,
                              "I/O Read Time": 0.000,
                              "I/O Write Time": 0.000
                            },
                            {
                              "Node Type": "Materialize",
                              "Parent Relationship": "Inner",
                              "Startup Cost": 0.43,
                              "Total Cost": 425873.29,
                              "Plan Rows": 441216,
                              "Plan Width": 4,
                              "Actual Startup Time": 0.037,
                              "Actual Total Time": 22234.861,
                              "Actual Rows": 1137386,
                              "Actual Loops": 1,
                              "Output": ["lineitem_1.l_orderkey"],
                              "Shared Hit Blocks": 5128,
                              "Shared Read Blocks": 114938,
                              "Shared Dirtied Blocks": 0,
                              "Shared Written Blocks": 0,
                              "Local Hit Blocks": 0,
                              "Local Read Blocks": 0,
                              "Local Dirtied Blocks": 0,
                              "Local Written Blocks": 0,
                              "Temp Read Blocks": 0,
                              "Temp Written Blocks": 0,
                              "I/O Read Time": 0.000,
                              "I/O Write Time": 0.000,
                              "Plans": [
                                {
                                  "Node Type": "Aggregate",
                                  "Strategy": "Sorted",
                                  "Parent Relationship": "Outer",
                                  "Startup Cost": 0.43,
                                  "Total Cost": 420358.09,
                                  "Plan Rows": 441216,
                                  "Plan Width": 9,
                                  "Actual Startup Time": 0.032,
                                  "Actual Total Time": 21860.117,
                                  "Actual Rows": 1137386,
                                  "Actual Loops": 1,
                                  "Output": ["lineitem_1.l_orderkey"],
                                  "Group Key": ["lineitem_1.l_orderkey"],
                                  "Filter": "(sum(lineitem_1.l_quantity) > 50::numeric)",
                                  "Rows Removed by Filter": 362614,
                                  "Shared Hit Blocks": 5128,
                                  "Shared Read Blocks": 114938,
                                  "Shared Dirtied Blocks": 0,
                                  "Shared Written Blocks": 0,
                                  "Local Hit Blocks": 0,
                                  "Local Read Blocks": 0,
                                  "Local Dirtied Blocks": 0,
                                  "Local Written Blocks": 0,
                                  "Temp Read Blocks": 0,
                                  "Temp Written Blocks": 0,
                                  "I/O Read Time": 0.000,
                                  "I/O Write Time": 0.000,
                                  "Plans": [
                                    {
                                      "Node Type": "Index Scan",
                                      "Parent Relationship": "Outer",
                                      "Scan Direction": "Forward",
                                      "Index Name": "lineitem_pkey",
                                      "Relation Name": "lineitem",
                                      "Schema": "public",
                                      "Alias": "lineitem_1",
                                      "Startup Cost": 0.43,
                                      "Total Cost": 383732.59,
                                      "Plan Rows": 6001452,
                                      "Plan Width": 9,
                                      "Actual Startup Time": 0.008,
                                      "Actual Total Time": 18104.212,
                                      "Actual Rows": 6001215,
                                      "Actual Loops": 1,
                                      "Output": ["lineitem_1.l_orderkey", "lineitem_1.l_partkey", "lineitem_1.l_suppkey", "lineitem_1.l_linenumber", "lineitem_1.l_quantity", "lineitem_1.l_extendedprice", "lineitem_1.l_discount", "lineitem_1.l_tax", "lineitem_1.l_returnflag", "lineitem_1.l_linestatus", "lineitem_1.l_shipdate", "lineitem_1.l_commitdate", "lineitem_1.l_receiptdate", "lineitem_1.l_shipinstruct", "lineitem_1.l_shipmode", "lineitem_1.l_comment"],
                                      "Shared Hit Blocks": 5128,
                                      "Shared Read Blocks": 114938,
                                      "Shared Dirtied Blocks": 0,
                                      "Shared Written Blocks": 0,
                                      "Local Hit Blocks": 0,
                                      "Local Read Blocks": 0,
                                      "Local Dirtied Blocks": 0,
                                      "Local Written Blocks": 0,
                                      "Temp Read Blocks": 0,
                                      "Temp Written Blocks": 0,
                                      "I/O Read Time": 0.000,
                                      "I/O Write Time": 0.000
                                    }
                                  ]
                                }
                              ]
                            }
                          ]
                        },
                        {
                          "Node Type": "Hash",
                          "Parent Relationship": "Inner",
                          "Startup Cost": 5066.00,
                          "Total Cost": 5066.00,
                          "Plan Rows": 150000,
                          "Plan Width": 23,
                          "Actual Startup Time": 896.498,
                          "Actual Total Time": 896.498,
                          "Actual Rows": 150000,
                          "Actual Loops": 1,
                          "Output": ["customer.c_name", "customer.c_custkey"],
                          "Hash Buckets": 8192,
                          "Hash Batches": 4,
                          "Original Hash Batches": 4,
                          "Peak Memory Usage": 2066,
                          "Shared Hit Blocks": 2,
                          "Shared Read Blocks": 3564,
                          "Shared Dirtied Blocks": 0,
                          "Shared Written Blocks": 0,
                          "Local Hit Blocks": 0,
                          "Local Read Blocks": 0,
                          "Local Dirtied Blocks": 0,
                          "Local Written Blocks": 0,
                          "Temp Read Blocks": 0,
                          "Temp Written Blocks": 602,
                          "I/O Read Time": 0.000,
                          "I/O Write Time": 0.000,
                          "Plans": [
                            {
                              "Node Type": "Seq Scan",
                              "Parent Relationship": "Outer",
                              "Relation Name": "customer",
                              "Schema": "public",
                              "Alias": "customer",
                              "Startup Cost": 0.00,
                              "Total Cost": 5066.00,
                              "Plan Rows": 150000,
                              "Plan Width": 23,
                              "Actual Startup Time": 0.005,
                              "Actual Total Time": 817.018,
                              "Actual Rows": 150000,
                              "Actual Loops": 1,
                              "Output": ["customer.c_name", "customer.c_custkey"],
                              "Shared Hit Blocks": 2,
                              "Shared Read Blocks": 3564,
                              "Shared Dirtied Blocks": 0,
                              "Shared Written Blocks": 0,
                              "Local Hit Blocks": 0,
                              "Local Read Blocks": 0,
                              "Local Dirtied Blocks": 0,
                              "Local Written Blocks": 0,
                              "Temp Read Blocks": 0,
                              "Temp Written Blocks": 0,
                              "I/O Read Time": 0.000,
                              "I/O Write Time": 0.000
                            }
                          ]
                        }
                      ]
                    }
                  ]
                }
              ]
            }
          ]
        }
      ]
    },
    "Planning Time": 261.193,
    "Triggers": [
    ],
    "Execution Time": 92687.453
  }
]
