[
  {
    "Plan": {
      "Node Type": "Sort",
      "Startup Cost": 199308.01,
      "Total Cost": 199315.70,
      "Plan Rows": 3076,
      "Plan Width": 80,
      "Actual Startup Time": 25450.705,
      "Actual Total Time": 25450.706,
      "Actual Rows": 4,
      "Actual Loops": 1,
      "Output": ["n1.n_name", "n2.n_name", "(date_part('year'::text, (lineitem.l_shipdate)::timestamp without time zone))", "(sum((lineitem.l_extendedprice * (1::numeric - lineitem.l_discount))))"],
      "Sort Key": ["n1.n_name", "n2.n_name", "(date_part('year'::text, (lineitem.l_shipdate)::timestamp without time zone))"],
      "Sort Method": "quicksort",
      "Sort Space Used": 25,
      "Sort Space Type": "Memory",
      "Shared Hit Blocks": 401917,
      "Shared Read Blocks": 117856,
      "Shared Dirtied Blocks": 0,
      "Shared Written Blocks": 0,
      "Local Hit Blocks": 0,
      "Local Read Blocks": 0,
      "Local Dirtied Blocks": 0,
      "Local Written Blocks": 0,
      "Temp Read Blocks": 0,
      "Temp Written Blocks": 0,
      "I/O Read Time": 0.000,
      "I/O Write Time": 0.000,
      "Plans": [
        {
          "Node Type": "Aggregate",
          "Strategy": "Hashed",
          "Parent Relationship": "Outer",
          "Startup Cost": 199075.97,
          "Total Cost": 199129.80,
          "Plan Rows": 3076,
          "Plan Width": 80,
          "Actual Startup Time": 25450.583,
          "Actual Total Time": 25450.596,
          "Actual Rows": 4,
          "Actual Loops": 1,
          "Output": ["n1.n_name", "n2.n_name", "(date_part('year'::text, (lineitem.l_shipdate)::timestamp without time zone))", "sum((lineitem.l_extendedprice * (1::numeric - lineitem.l_discount)))"],
          "Group Key": ["n1.n_name", "n2.n_name", "date_part('year'::text, (lineitem.l_shipdate)::timestamp without time zone)"],
          "Shared Hit Blocks": 401909,
          "Shared Read Blocks": 117856,
          "Shared Dirtied Blocks": 0,
          "Shared Written Blocks": 0,
          "Local Hit Blocks": 0,
          "Local Read Blocks": 0,
          "Local Dirtied Blocks": 0,
          "Local Written Blocks": 0,
          "Temp Read Blocks": 0,
          "Temp Written Blocks": 0,
          "I/O Read Time": 0.000,
          "I/O Write Time": 0.000,
          "Plans": [
            {
              "Node Type": "Hash Join",
              "Parent Relationship": "Outer",
              "Join Type": "Inner",
              "Startup Cost": 6270.23,
              "Total Cost": 198984.10,
              "Plan Rows": 6125,
              "Plan Width": 80,
              "Actual Startup Time": 508.767,
              "Actual Total Time": 25404.050,
              "Actual Rows": 5896,
              "Actual Loops": 1,
              "Output": ["n1.n_name", "n2.n_name", "date_part('year'::text, (lineitem.l_shipdate)::timestamp without time zone)", "lineitem.l_extendedprice", "lineitem.l_discount"],
              "Hash Cond": "(lineitem.l_suppkey = supplier.s_suppkey)",
              "Join Filter": "(((n1.n_name = 'UNITED STATES'::text) AND (n2.n_name = 'CHINA'::text)) OR ((n1.n_name = 'CHINA'::text) AND (n2.n_name = 'UNITED STATES'::text)))",
              "Rows Removed by Join Filter": 5889,
              "Shared Hit Blocks": 401909,
              "Shared Read Blocks": 117856,
              "Shared Dirtied Blocks": 0,
              "Shared Written Blocks": 0,
              "Local Hit Blocks": 0,
              "Local Read Blocks": 0,
              "Local Dirtied Blocks": 0,
              "Local Written Blocks": 0,
              "Temp Read Blocks": 0,
              "Temp Written Blocks": 0,
              "I/O Read Time": 0.000,
              "I/O Write Time": 0.000,
              "Plans": [
                {
                  "Node Type": "Nested Loop",
                  "Parent Relationship": "Outer",
                  "Join Type": "Inner",
                  "Startup Cost": 5900.33,
                  "Total Cost": 197795.90,
                  "Plan Rows": 147256,
                  "Plan Width": 52,
                  "Actual Startup Time": 464.241,
                  "Actual Total Time": 25243.195,
                  "Actual Rows": 146577,
                  "Actual Loops": 1,
                  "Output": ["lineitem.l_shipdate", "lineitem.l_extendedprice", "lineitem.l_discount", "lineitem.l_suppkey", "n2.n_name"],
                  "Shared Hit Blocks": 401904,
                  "Shared Read Blocks": 117644,
                  "Shared Dirtied Blocks": 0,
                  "Shared Written Blocks": 0,
                  "Local Hit Blocks": 0,
                  "Local Read Blocks": 0,
                  "Local Dirtied Blocks": 0,
                  "Local Written Blocks": 0,
                  "Temp Read Blocks": 0,
                  "Temp Written Blocks": 0,
                  "I/O Read Time": 0.000,
                  "I/O Write Time": 0.000,
                  "Plans": [
                    {
                      "Node Type": "Hash Join",
                      "Parent Relationship": "Outer",
                      "Join Type": "Inner",
                      "Startup Cost": 5899.90,
                      "Total Cost": 62295.90,
                      "Plan Rows": 120000,
                      "Plan Width": 36,
                      "Actual Startup Time": 463.898,
                      "Actual Total Time": 7119.030,
                      "Actual Rows": 120705,
                      "Actual Loops": 1,
                      "Output": ["orders.o_orderkey", "n2.n_name"],
                      "Hash Cond": "(orders.o_custkey = customer.c_custkey)",
                      "Shared Hit Blocks": 4,
                      "Shared Read Blocks": 28759,
                      "Shared Dirtied Blocks": 0,
                      "Shared Written Blocks": 0,
                      "Local Hit Blocks": 0,
                      "Local Read Blocks": 0,
                      "Local Dirtied Blocks": 0,
                      "Local Written Blocks": 0,
                      "Temp Read Blocks": 0,
                      "Temp Written Blocks": 0,
                      "I/O Read Time": 0.000,
                      "I/O Write Time": 0.000,
                      "Plans": [
                        {
                          "Node Type": "Seq Scan",
                          "Parent Relationship": "Outer",
                          "Relation Name": "orders",
                          "Schema": "public",
                          "Alias": "orders",
                          "Startup Cost": 0.00,
                          "Total Cost": 40196.00,
                          "Plan Rows": 1500000,
                          "Plan Width": 8,
                          "Actual Startup Time": 0.006,
                          "Actual Total Time": 5308.372,
                          "Actual Rows": 1500000,
                          "Actual Loops": 1,
                          "Output": ["orders.o_orderkey", "orders.o_custkey", "orders.o_orderstatus", "orders.o_totalprice", "orders.o_orderdate", "orders.o_orderpriority", "orders.o_clerk", "orders.o_shippriority", "orders.o_comment"],
                          "Shared Hit Blocks": 1,
                          "Shared Read Blocks": 25195,
                          "Shared Dirtied Blocks": 0,
                          "Shared Written Blocks": 0,
                          "Local Hit Blocks": 0,
                          "Local Read Blocks": 0,
                          "Local Dirtied Blocks": 0,
                          "Local Written Blocks": 0,
                          "Temp Read Blocks": 0,
                          "Temp Written Blocks": 0,
                          "I/O Read Time": 0.000,
                          "I/O Write Time": 0.000
                        },
                        {
                          "Node Type": "Hash",
                          "Parent Relationship": "Inner",
                          "Startup Cost": 5749.90,
                          "Total Cost": 5749.90,
                          "Plan Rows": 12000,
                          "Plan Width": 36,
                          "Actual Startup Time": 463.840,
                          "Actual Total Time": 463.840,
                          "Actual Rows": 12007,
                          "Actual Loops": 1,
                          "Output": ["customer.c_custkey", "n2.n_name"],
                          "Hash Buckets": 2048,
                          "Hash Batches": 1,
                          "Original Hash Batches": 1,
                          "Peak Memory Usage": 540,
                          "Shared Hit Blocks": 3,
                          "Shared Read Blocks": 3564,
                          "Shared Dirtied Blocks": 0,
                          "Shared Written Blocks": 0,
                          "Local Hit Blocks": 0,
                          "Local Read Blocks": 0,
                          "Local Dirtied Blocks": 0,
                          "Local Written Blocks": 0,
                          "Temp Read Blocks": 0,
                          "Temp Written Blocks": 0,
                          "I/O Read Time": 0.000,
                          "I/O Write Time": 0.000,
                          "Plans": [
                            {
                              "Node Type": "Hash Join",
                              "Parent Relationship": "Outer",
                              "Join Type": "Inner",
                              "Startup Cost": 1.40,
                              "Total Cost": 5749.90,
                              "Plan Rows": 12000,
                              "Plan Width": 36,
                              "Actual Startup Time": 0.065,
                              "Actual Total Time": 454.485,
                              "Actual Rows": 12007,
                              "Actual Loops": 1,
                              "Output": ["customer.c_custkey", "n2.n_name"],
                              "Hash Cond": "(customer.c_nationkey = n2.n_nationkey)",
                              "Shared Hit Blocks": 3,
                              "Shared Read Blocks": 3564,
                              "Shared Dirtied Blocks": 0,
                              "Shared Written Blocks": 0,
                              "Local Hit Blocks": 0,
                              "Local Read Blocks": 0,
                              "Local Dirtied Blocks": 0,
                              "Local Written Blocks": 0,
                              "Temp Read Blocks": 0,
                              "Temp Written Blocks": 0,
                              "I/O Read Time": 0.000,
                              "I/O Write Time": 0.000,
                              "Plans": [
                                {
                                  "Node Type": "Seq Scan",
                                  "Parent Relationship": "Outer",
                                  "Relation Name": "customer",
                                  "Schema": "public",
                                  "Alias": "customer",
                                  "Startup Cost": 0.00,
                                  "Total Cost": 5066.00,
                                  "Plan Rows": 150000,
                                  "Plan Width": 8,
                                  "Actual Startup Time": 0.005,
                                  "Actual Total Time": 408.893,
                                  "Actual Rows": 150000,
                                  "Actual Loops": 1,
                                  "Output": ["customer.c_custkey", "customer.c_name", "customer.c_address", "customer.c_nationkey", "customer.c_phone", "customer.c_acctbal", "customer.c_mktsegment", "customer.c_comment"],
                                  "Shared Hit Blocks": 2,
                                  "Shared Read Blocks": 3564,
                                  "Shared Dirtied Blocks": 0,
                                  "Shared Written Blocks": 0,
                                  "Local Hit Blocks": 0,
                                  "Local Read Blocks": 0,
                                  "Local Dirtied Blocks": 0,
                                  "Local Written Blocks": 0,
                                  "Temp Read Blocks": 0,
                                  "Temp Written Blocks": 0,
                                  "I/O Read Time": 0.000,
                                  "I/O Write Time": 0.000
                                },
                                {
                                  "Node Type": "Hash",
                                  "Parent Relationship": "Inner",
                                  "Startup Cost": 1.38,
                                  "Total Cost": 1.38,
                                  "Plan Rows": 2,
                                  "Plan Width": 36,
                                  "Actual Startup Time": 0.026,
                                  "Actual Total Time": 0.026,
                                  "Actual Rows": 2,
                                  "Actual Loops": 1,
                                  "Output": ["n2.n_name", "n2.n_nationkey"],
                                  "Hash Buckets": 1024,
                                  "Hash Batches": 1,
                                  "Original Hash Batches": 1,
                                  "Peak Memory Usage": 1,
                                  "Shared Hit Blocks": 1,
                                  "Shared Read Blocks": 0,
                                  "Shared Dirtied Blocks": 0,
                                  "Shared Written Blocks": 0,
                                  "Local Hit Blocks": 0,
                                  "Local Read Blocks": 0,
                                  "Local Dirtied Blocks": 0,
                                  "Local Written Blocks": 0,
                                  "Temp Read Blocks": 0,
                                  "Temp Written Blocks": 0,
                                  "I/O Read Time": 0.000,
                                  "I/O Write Time": 0.000,
                                  "Plans": [
                                    {
                                      "Node Type": "Seq Scan",
                                      "Parent Relationship": "Outer",
                                      "Relation Name": "nation",
                                      "Schema": "public",
                                      "Alias": "n2",
                                      "Startup Cost": 0.00,
                                      "Total Cost": 1.38,
                                      "Plan Rows": 2,
                                      "Plan Width": 36,
                                      "Actual Startup Time": 0.019,
                                      "Actual Total Time": 0.023,
                                      "Actual Rows": 2,
                                      "Actual Loops": 1,
                                      "Output": ["n2.n_name", "n2.n_nationkey"],
                                      "Filter": "((n2.n_name = 'CHINA'::text) OR (n2.n_name = 'UNITED STATES'::text))",
                                      "Rows Removed by Filter": 23,
                                      "Shared Hit Blocks": 1,
                                      "Shared Read Blocks": 0,
                                      "Shared Dirtied Blocks": 0,
                                      "Shared Written Blocks": 0,
                                      "Local Hit Blocks": 0,
                                      "Local Read Blocks": 0,
                                      "Local Dirtied Blocks": 0,
                                      "Local Written Blocks": 0,
                                      "Temp Read Blocks": 0,
                                      "Temp Written Blocks": 0,
                                      "I/O Read Time": 0.000,
                                      "I/O Write Time": 0.000
                                    }
                                  ]
                                }
                              ]
                            }
                          ]
                        }
                      ]
                    },
                    {
                      "Node Type": "Index Scan",
                      "Parent Relationship": "Inner",
                      "Scan Direction": "Forward",
                      "Index Name": "lineitem_pkey",
                      "Relation Name": "lineitem",
                      "Schema": "public",
                      "Alias": "lineitem",
                      "Startup Cost": 0.43,
                      "Total Cost": 1.09,
                      "Plan Rows": 4,
                      "Plan Width": 24,
                      "Actual Startup Time": 0.144,
                      "Actual Total Time": 0.149,
                      "Actual Rows": 1,
                      "Actual Loops": 120705,
                      "Output": ["lineitem.l_orderkey", "lineitem.l_partkey", "lineitem.l_suppkey", "lineitem.l_linenumber", "lineitem.l_quantity", "lineitem.l_extendedprice", "lineitem.l_discount", "lineitem.l_tax", "lineitem.l_returnflag", "lineitem.l_linestatus", "lineitem.l_shipdate", "lineitem.l_commitdate", "lineitem.l_receiptdate", "lineitem.l_shipinstruct", "lineitem.l_shipmode", "lineitem.l_comment"],
                      "Index Cond": "(lineitem.l_orderkey = orders.o_orderkey)",
                      "Rows Removed by Index Recheck": 0,
                      "Filter": "((lineitem.l_shipdate >= '1995-01-01'::date) AND (lineitem.l_shipdate <= '1996-12-31'::date))",
                      "Rows Removed by Filter": 3,
                      "Shared Hit Blocks": 401900,
                      "Shared Read Blocks": 88885,
                      "Shared Dirtied Blocks": 0,
                      "Shared Written Blocks": 0,
                      "Local Hit Blocks": 0,
                      "Local Read Blocks": 0,
                      "Local Dirtied Blocks": 0,
                      "Local Written Blocks": 0,
                      "Temp Read Blocks": 0,
                      "Temp Written Blocks": 0,
                      "I/O Read Time": 0.000,
                      "I/O Write Time": 0.000
                    }
                  ]
                },
                {
                  "Node Type": "Hash",
                  "Parent Relationship": "Inner",
                  "Startup Cost": 359.90,
                  "Total Cost": 359.90,
                  "Plan Rows": 800,
                  "Plan Width": 36,
                  "Actual Startup Time": 43.679,
                  "Actual Total Time": 43.679,
                  "Actual Rows": 800,
                  "Actual Loops": 1,
                  "Output": ["supplier.s_suppkey", "n1.n_name"],
                  "Hash Buckets": 1024,
                  "Hash Batches": 1,
                  "Original Hash Batches": 1,
                  "Peak Memory Usage": 36,
                  "Shared Hit Blocks": 2,
                  "Shared Read Blocks": 212,
                  "Shared Dirtied Blocks": 0,
                  "Shared Written Blocks": 0,
                  "Local Hit Blocks": 0,
                  "Local Read Blocks": 0,
                  "Local Dirtied Blocks": 0,
                  "Local Written Blocks": 0,
                  "Temp Read Blocks": 0,
                  "Temp Written Blocks": 0,
                  "I/O Read Time": 0.000,
                  "I/O Write Time": 0.000,
                  "Plans": [
                    {
                      "Node Type": "Hash Join",
                      "Parent Relationship": "Outer",
                      "Join Type": "Inner",
                      "Startup Cost": 1.40,
                      "Total Cost": 359.90,
                      "Plan Rows": 800,
                      "Plan Width": 36,
                      "Actual Startup Time": 7.743,
                      "Actual Total Time": 42.905,
                      "Actual Rows": 800,
                      "Actual Loops": 1,
                      "Output": ["supplier.s_suppkey", "n1.n_name"],
                      "Hash Cond": "(supplier.s_nationkey = n1.n_nationkey)",
                      "Shared Hit Blocks": 2,
                      "Shared Read Blocks": 212,
                      "Shared Dirtied Blocks": 0,
                      "Shared Written Blocks": 0,
                      "Local Hit Blocks": 0,
                      "Local Read Blocks": 0,
                      "Local Dirtied Blocks": 0,
                      "Local Written Blocks": 0,
                      "Temp Read Blocks": 0,
                      "Temp Written Blocks": 0,
                      "I/O Read Time": 0.000,
                      "I/O Write Time": 0.000,
                      "Plans": [
                        {
                          "Node Type": "Seq Scan",
                          "Parent Relationship": "Outer",
                          "Relation Name": "supplier",
                          "Schema": "public",
                          "Alias": "supplier",
                          "Startup Cost": 0.00,
                          "Total Cost": 313.00,
                          "Plan Rows": 10000,
                          "Plan Width": 8,
                          "Actual Startup Time": 0.007,
                          "Actual Total Time": 31.593,
                          "Actual Rows": 10000,
                          "Actual Loops": 1,
                          "Output": ["supplier.s_suppkey", "supplier.s_name", "supplier.s_address", "supplier.s_nationkey", "supplier.s_phone", "supplier.s_acctbal", "supplier.s_comment"],
                          "Shared Hit Blocks": 2,
                          "Shared Read Blocks": 211,
                          "Shared Dirtied Blocks": 0,
                          "Shared Written Blocks": 0,
                          "Local Hit Blocks": 0,
                          "Local Read Blocks": 0,
                          "Local Dirtied Blocks": 0,
                          "Local Written Blocks": 0,
                          "Temp Read Blocks": 0,
                          "Temp Written Blocks": 0,
                          "I/O Read Time": 0.000,
                          "I/O Write Time": 0.000
                        },
                        {
                          "Node Type": "Hash",
                          "Parent Relationship": "Inner",
                          "Startup Cost": 1.38,
                          "Total Cost": 1.38,
                          "Plan Rows": 2,
                          "Plan Width": 36,
                          "Actual Startup Time": 7.709,
                          "Actual Total Time": 7.709,
                          "Actual Rows": 2,
                          "Actual Loops": 1,
                          "Output": ["n1.n_name", "n1.n_nationkey"],
                          "Hash Buckets": 1024,
                          "Hash Batches": 1,
                          "Original Hash Batches": 1,
                          "Peak Memory Usage": 1,
                          "Shared Hit Blocks": 0,
                          "Shared Read Blocks": 1,
                          "Shared Dirtied Blocks": 0,
                          "Shared Written Blocks": 0,
                          "Local Hit Blocks": 0,
                          "Local Read Blocks": 0,
                          "Local Dirtied Blocks": 0,
                          "Local Written Blocks": 0,
                          "Temp Read Blocks": 0,
                          "Temp Written Blocks": 0,
                          "I/O Read Time": 0.000,
                          "I/O Write Time": 0.000,
                          "Plans": [
                            {
                              "Node Type": "Seq Scan",
                              "Parent Relationship": "Outer",
                              "Relation Name": "nation",
                              "Schema": "public",
                              "Alias": "n1",
                              "Startup Cost": 0.00,
                              "Total Cost": 1.38,
                              "Plan Rows": 2,
                              "Plan Width": 36,
                              "Actual Startup Time": 7.697,
                              "Actual Total Time": 7.702,
                              "Actual Rows": 2,
                              "Actual Loops": 1,
                              "Output": ["n1.n_name", "n1.n_nationkey"],
                              "Filter": "((n1.n_name = 'UNITED STATES'::text) OR (n1.n_name = 'CHINA'::text))",
                              "Rows Removed by Filter": 23,
                              "Shared Hit Blocks": 0,
                              "Shared Read Blocks": 1,
                              "Shared Dirtied Blocks": 0,
                              "Shared Written Blocks": 0,
                              "Local Hit Blocks": 0,
                              "Local Read Blocks": 0,
                              "Local Dirtied Blocks": 0,
                              "Local Written Blocks": 0,
                              "Temp Read Blocks": 0,
                              "Temp Written Blocks": 0,
                              "I/O Read Time": 0.000,
                              "I/O Write Time": 0.000
                            }
                          ]
                        }
                      ]
                    }
                  ]
                }
              ]
            }
          ]
        }
      ]
    },
    "Planning Time": 299.334,
    "Triggers": [
    ],
    "Execution Time": 25451.171
  }
]
