[
  {
    "Plan": {
      "Node Type": "Aggregate",
      "Strategy": "Sorted",
      "Startup Cost": 62787.18,
      "Total Cost": 16255705.46,
      "Plan Rows": 31873,
      "Plan Width": 14,
      "Actual Startup Time": 2737.262,
      "Actual Total Time": 63488.195,
      "Actual Rows": 1014,
      "Actual Loops": 1,
      "Output": ["partsupp.ps_partkey", "sum((partsupp.ps_supplycost * (partsupp.ps_availqty)::numeric))"],
      "Group Key": ["partsupp.ps_partkey"],
      "Filter": "(SubPlan 1)",
      "Rows Removed by Filter": 118434,
      "Shared Hit Blocks": 251,
      "Shared Read Blocks": 35080,
      "Shared Dirtied Blocks": 0,
      "Shared Written Blocks": 0,
      "Local Hit Blocks": 0,
      "Local Read Blocks": 0,
      "Local Dirtied Blocks": 0,
      "Local Written Blocks": 0,
      "Temp Read Blocks": 824028,
      "Temp Written Blocks": 1342,
      "I/O Read Time": 0.000,
      "I/O Write Time": 0.000,
      "Plans": [
        {
          "Node Type": "Sort",
          "Parent Relationship": "Outer",
          "Startup Cost": 31513.66,
          "Total Cost": 31593.35,
          "Plan Rows": 31873,
          "Plan Width": 14,
          "Actual Startup Time": 2228.871,
          "Actual Total Time": 2259.102,
          "Actual Rows": 162880,
          "Actual Loops": 1,
          "Output": ["partsupp.ps_partkey", "partsupp.ps_supplycost", "partsupp.ps_availqty"],
          "Sort Key": ["partsupp.ps_partkey"],
          "Sort Method": "external sort",
          "Sort Space Used": 4136,
          "Sort Space Type": "Disk",
          "Shared Hit Blocks": 5,
          "Shared Read Blocks": 17662,
          "Shared Dirtied Blocks": 0,
          "Shared Written Blocks": 0,
          "Local Hit Blocks": 0,
          "Local Read Blocks": 0,
          "Local Dirtied Blocks": 0,
          "Local Written Blocks": 0,
          "Temp Read Blocks": 517,
          "Temp Written Blocks": 517,
          "I/O Read Time": 0.000,
          "I/O Write Time": 0.000,
          "Plans": [
            {
              "Node Type": "Hash Join",
              "Parent Relationship": "Outer",
              "Join Type": "Inner",
              "Startup Cost": 360.82,
              "Total Cost": 29129.56,
              "Plan Rows": 31873,
              "Plan Width": 14,
              "Actual Startup Time": 62.616,
              "Actual Total Time": 2015.783,
              "Actual Rows": 162880,
              "Actual Loops": 1,
              "Output": ["partsupp.ps_partkey", "partsupp.ps_supplycost", "partsupp.ps_availqty"],
              "Hash Cond": "(partsupp.ps_suppkey = supplier.s_suppkey)",
              "Shared Hit Blocks": 2,
              "Shared Read Blocks": 17662,
              "Shared Dirtied Blocks": 0,
              "Shared Written Blocks": 0,
              "Local Hit Blocks": 0,
              "Local Read Blocks": 0,
              "Local Dirtied Blocks": 0,
              "Local Written Blocks": 0,
              "Temp Read Blocks": 0,
              "Temp Written Blocks": 0,
              "I/O Read Time": 0.000,
              "I/O Write Time": 0.000,
              "Plans": [
                {
                  "Node Type": "Seq Scan",
                  "Parent Relationship": "Outer",
                  "Relation Name": "partsupp",
                  "Schema": "public",
                  "Alias": "partsupp",
                  "Startup Cost": 0.00,
                  "Total Cost": 25450.00,
                  "Plan Rows": 800000,
                  "Plan Width": 18,
                  "Actual Startup Time": 12.155,
                  "Actual Total Time": 1624.768,
                  "Actual Rows": 800000,
                  "Actual Loops": 1,
                  "Output": ["partsupp.ps_partkey", "partsupp.ps_suppkey", "partsupp.ps_availqty", "partsupp.ps_supplycost", "partsupp.ps_comment"],
                  "Shared Hit Blocks": 0,
                  "Shared Read Blocks": 17450,
                  "Shared Dirtied Blocks": 0,
                  "Shared Written Blocks": 0,
                  "Local Hit Blocks": 0,
                  "Local Read Blocks": 0,
                  "Local Dirtied Blocks": 0,
                  "Local Written Blocks": 0,
                  "Temp Read Blocks": 0,
                  "Temp Written Blocks": 0,
                  "I/O Read Time": 0.000,
                  "I/O Write Time": 0.000
                },
                {
                  "Node Type": "Hash",
                  "Parent Relationship": "Inner",
                  "Startup Cost": 355.82,
                  "Total Cost": 355.82,
                  "Plan Rows": 400,
                  "Plan Width": 4,
                  "Actual Startup Time": 50.417,
                  "Actual Total Time": 50.417,
                  "Actual Rows": 2036,
                  "Actual Loops": 1,
                  "Output": ["supplier.s_suppkey"],
                  "Hash Buckets": 1024,
                  "Hash Batches": 1,
                  "Original Hash Batches": 1,
                  "Peak Memory Usage": 72,
                  "Shared Hit Blocks": 2,
                  "Shared Read Blocks": 212,
                  "Shared Dirtied Blocks": 0,
                  "Shared Written Blocks": 0,
                  "Local Hit Blocks": 0,
                  "Local Read Blocks": 0,
                  "Local Dirtied Blocks": 0,
                  "Local Written Blocks": 0,
                  "Temp Read Blocks": 0,
                  "Temp Written Blocks": 0,
                  "I/O Read Time": 0.000,
                  "I/O Write Time": 0.000,
                  "Plans": [
                    {
                      "Node Type": "Hash Join",
                      "Parent Relationship": "Outer",
                      "Join Type": "Inner",
                      "Startup Cost": 1.32,
                      "Total Cost": 355.82,
                      "Plan Rows": 400,
                      "Plan Width": 4,
                      "Actual Startup Time": 15.477,
                      "Actual Total Time": 49.276,
                      "Actual Rows": 2036,
                      "Actual Loops": 1,
                      "Output": ["supplier.s_suppkey"],
                      "Hash Cond": "(supplier.s_nationkey = nation.n_nationkey)",
                      "Shared Hit Blocks": 2,
                      "Shared Read Blocks": 212,
                      "Shared Dirtied Blocks": 0,
                      "Shared Written Blocks": 0,
                      "Local Hit Blocks": 0,
                      "Local Read Blocks": 0,
                      "Local Dirtied Blocks": 0,
                      "Local Written Blocks": 0,
                      "Temp Read Blocks": 0,
                      "Temp Written Blocks": 0,
                      "I/O Read Time": 0.000,
                      "I/O Write Time": 0.000,
                      "Plans": [
                        {
                          "Node Type": "Seq Scan",
                          "Parent Relationship": "Outer",
                          "Relation Name": "supplier",
                          "Schema": "public",
                          "Alias": "supplier",
                          "Startup Cost": 0.00,
                          "Total Cost": 313.00,
                          "Plan Rows": 10000,
                          "Plan Width": 8,
                          "Actual Startup Time": 0.011,
                          "Actual Total Time": 30.132,
                          "Actual Rows": 10000,
                          "Actual Loops": 1,
                          "Output": ["supplier.s_suppkey", "supplier.s_name", "supplier.s_address", "supplier.s_nationkey", "supplier.s_phone", "supplier.s_acctbal", "supplier.s_comment"],
                          "Shared Hit Blocks": 2,
                          "Shared Read Blocks": 211,
                          "Shared Dirtied Blocks": 0,
                          "Shared Written Blocks": 0,
                          "Local Hit Blocks": 0,
                          "Local Read Blocks": 0,
                          "Local Dirtied Blocks": 0,
                          "Local Written Blocks": 0,
                          "Temp Read Blocks": 0,
                          "Temp Written Blocks": 0,
                          "I/O Read Time": 0.000,
                          "I/O Write Time": 0.000
                        },
                        {
                          "Node Type": "Hash",
                          "Parent Relationship": "Inner",
                          "Startup Cost": 1.31,
                          "Total Cost": 1.31,
                          "Plan Rows": 1,
                          "Plan Width": 4,
                          "Actual Startup Time": 15.443,
                          "Actual Total Time": 15.443,
                          "Actual Rows": 5,
                          "Actual Loops": 1,
                          "Output": ["nation.n_nationkey"],
                          "Hash Buckets": 1024,
                          "Hash Batches": 1,
                          "Original Hash Batches": 1,
                          "Peak Memory Usage": 1,
                          "Shared Hit Blocks": 0,
                          "Shared Read Blocks": 1,
                          "Shared Dirtied Blocks": 0,
                          "Shared Written Blocks": 0,
                          "Local Hit Blocks": 0,
                          "Local Read Blocks": 0,
                          "Local Dirtied Blocks": 0,
                          "Local Written Blocks": 0,
                          "Temp Read Blocks": 0,
                          "Temp Written Blocks": 0,
                          "I/O Read Time": 0.000,
                          "I/O Write Time": 0.000,
                          "Plans": [
                            {
                              "Node Type": "Seq Scan",
                              "Parent Relationship": "Outer",
                              "Relation Name": "nation",
                              "Schema": "public",
                              "Alias": "nation",
                              "Startup Cost": 0.00,
                              "Total Cost": 1.31,
                              "Plan Rows": 1,
                              "Plan Width": 4,
                              "Actual Startup Time": 15.426,
                              "Actual Total Time": 15.433,
                              "Actual Rows": 5,
                              "Actual Loops": 1,
                              "Output": ["nation.n_nationkey"],
                              "Filter": "(nation.n_regionkey = 1)",
                              "Rows Removed by Filter": 20,
                              "Shared Hit Blocks": 0,
                              "Shared Read Blocks": 1,
                              "Shared Dirtied Blocks": 0,
                              "Shared Written Blocks": 0,
                              "Local Hit Blocks": 0,
                              "Local Read Blocks": 0,
                              "Local Dirtied Blocks": 0,
                              "Local Written Blocks": 0,
                              "Temp Read Blocks": 0,
                              "Temp Written Blocks": 0,
                              "I/O Read Time": 0.000,
                              "I/O Write Time": 0.000
                            }
                          ]
                        }
                      ]
                    }
                  ]
                }
              ]
            }
          ]
        },
        {
          "Node Type": "Materialize",
          "Parent Relationship": "SubPlan",
          "Subplan Name": "SubPlan 1",
          "Startup Cost": 31273.51,
          "Total Cost": 32216.96,
          "Plan Rows": 29029,
          "Plan Width": 14,
          "Actual Startup Time": 0.003,
          "Actual Total Time": 0.209,
          "Actual Rows": 2187,
          "Actual Loops": 119448,
          "Output": ["((sum((partsupp_1.ps_supplycost * (partsupp_1.ps_availqty)::numeric)) * 0.5))", "partsupp_1.ps_partkey"],
          "Shared Hit Blocks": 246,
          "Shared Read Blocks": 17418,
          "Shared Dirtied Blocks": 0,
          "Shared Written Blocks": 0,
          "Local Hit Blocks": 0,
          "Local Read Blocks": 0,
          "Local Dirtied Blocks": 0,
          "Local Written Blocks": 0,
          "Temp Read Blocks": 823511,
          "Temp Written Blocks": 825,
          "I/O Read Time": 0.000,
          "I/O Write Time": 0.000,
          "Plans": [
            {
              "Node Type": "Aggregate",
              "Strategy": "Sorted",
              "Parent Relationship": "Outer",
              "Startup Cost": 31273.51,
              "Total Cost": 32071.81,
              "Plan Rows": 29029,
              "Plan Width": 14,
              "Actual Startup Time": 335.924,
              "Actual Total Time": 464.872,
              "Actual Rows": 111956,
              "Actual Loops": 1,
              "Output": ["(sum((partsupp_1.ps_supplycost * (partsupp_1.ps_availqty)::numeric)) * 0.5)", "partsupp_1.ps_partkey"],
              "Group Key": ["partsupp_1.ps_partkey"],
              "Shared Hit Blocks": 246,
              "Shared Read Blocks": 17418,
              "Shared Dirtied Blocks": 0,
              "Shared Written Blocks": 0,
              "Local Hit Blocks": 0,
              "Local Read Blocks": 0,
              "Local Dirtied Blocks": 0,
              "Local Written Blocks": 0,
              "Temp Read Blocks": 471,
              "Temp Written Blocks": 471,
              "I/O Read Time": 0.000,
              "I/O Write Time": 0.000,
              "Plans": [
                {
                  "Node Type": "Sort",
                  "Parent Relationship": "Outer",
                  "Startup Cost": 31273.51,
                  "Total Cost": 31346.09,
                  "Plan Rows": 29029,
                  "Plan Width": 14,
                  "Actual Startup Time": 335.904,
                  "Actual Total Time": 352.832,
                  "Actual Rows": 148160,
                  "Actual Loops": 1,
                  "Output": ["partsupp_1.ps_partkey", "partsupp_1.ps_supplycost", "partsupp_1.ps_availqty"],
                  "Sort Key": ["partsupp_1.ps_partkey"],
                  "Sort Method": "external sort",
                  "Sort Space Used": 3768,
                  "Sort Space Type": "Disk",
                  "Shared Hit Blocks": 246,
                  "Shared Read Blocks": 17418,
                  "Shared Dirtied Blocks": 0,
                  "Shared Written Blocks": 0,
                  "Local Hit Blocks": 0,
                  "Local Read Blocks": 0,
                  "Local Dirtied Blocks": 0,
                  "Local Written Blocks": 0,
                  "Temp Read Blocks": 471,
                  "Temp Written Blocks": 471,
                  "I/O Read Time": 0.000,
                  "I/O Write Time": 0.000,
                  "Plans": [
                    {
                      "Node Type": "Hash Join",
                      "Parent Relationship": "Outer",
                      "Join Type": "Inner",
                      "Startup Cost": 381.67,
                      "Total Cost": 29121.71,
                      "Plan Rows": 29029,
                      "Plan Width": 14,
                      "Actual Startup Time": 5.935,
                      "Actual Total Time": 247.827,
                      "Actual Rows": 148160,
                      "Actual Loops": 1,
                      "Output": ["partsupp_1.ps_partkey", "partsupp_1.ps_supplycost", "partsupp_1.ps_availqty"],
                      "Hash Cond": "(partsupp_1.ps_suppkey = supplier_1.s_suppkey)",
                      "Shared Hit Blocks": 246,
                      "Shared Read Blocks": 17418,
                      "Shared Dirtied Blocks": 0,
                      "Shared Written Blocks": 0,
                      "Local Hit Blocks": 0,
                      "Local Read Blocks": 0,
                      "Local Dirtied Blocks": 0,
                      "Local Written Blocks": 0,
                      "Temp Read Blocks": 0,
                      "Temp Written Blocks": 0,
                      "I/O Read Time": 0.000,
                      "I/O Write Time": 0.000,
                      "Plans": [
                        {
                          "Node Type": "Seq Scan",
                          "Parent Relationship": "Outer",
                          "Relation Name": "partsupp",
                          "Schema": "public",
                          "Alias": "partsupp_1",
                          "Startup Cost": 0.00,
                          "Total Cost": 25450.00,
                          "Plan Rows": 800000,
                          "Plan Width": 18,
                          "Actual Startup Time": 0.037,
                          "Actual Total Time": 107.178,
                          "Actual Rows": 800000,
                          "Actual Loops": 1,
                          "Output": ["partsupp_1.ps_partkey", "partsupp_1.ps_suppkey", "partsupp_1.ps_availqty", "partsupp_1.ps_supplycost", "partsupp_1.ps_comment"],
                          "Shared Hit Blocks": 32,
                          "Shared Read Blocks": 17418,
                          "Shared Dirtied Blocks": 0,
                          "Shared Written Blocks": 0,
                          "Local Hit Blocks": 0,
                          "Local Read Blocks": 0,
                          "Local Dirtied Blocks": 0,
                          "Local Written Blocks": 0,
                          "Temp Read Blocks": 0,
                          "Temp Written Blocks": 0,
                          "I/O Read Time": 0.000,
                          "I/O Write Time": 0.000
                        },
                        {
                          "Node Type": "Hash",
                          "Parent Relationship": "Inner",
                          "Startup Cost": 377.12,
                          "Total Cost": 377.12,
                          "Plan Rows": 364,
                          "Plan Width": 4,
                          "Actual Startup Time": 5.881,
                          "Actual Total Time": 5.881,
                          "Actual Rows": 1852,
                          "Actual Loops": 1,
                          "Output": ["supplier_1.s_suppkey"],
                          "Hash Buckets": 1024,
                          "Hash Batches": 1,
                          "Original Hash Batches": 1,
                          "Peak Memory Usage": 66,
                          "Shared Hit Blocks": 214,
                          "Shared Read Blocks": 0,
                          "Shared Dirtied Blocks": 0,
                          "Shared Written Blocks": 0,
                          "Local Hit Blocks": 0,
                          "Local Read Blocks": 0,
                          "Local Dirtied Blocks": 0,
                          "Local Written Blocks": 0,
                          "Temp Read Blocks": 0,
                          "Temp Written Blocks": 0,
                          "I/O Read Time": 0.000,
                          "I/O Write Time": 0.000,
                          "Plans": [
                            {
                              "Node Type": "Hash Join",
                              "Parent Relationship": "Outer",
                              "Join Type": "Inner",
                              "Startup Cost": 1.32,
                              "Total Cost": 377.12,
                              "Plan Rows": 364,
                              "Plan Width": 4,
                              "Actual Startup Time": 0.037,
                              "Actual Total Time": 5.426,
                              "Actual Rows": 1852,
                              "Actual Loops": 1,
                              "Output": ["supplier_1.s_suppkey"],
                              "Hash Cond": "(supplier_1.s_nationkey = nation_1.n_nationkey)",
                              "Shared Hit Blocks": 214,
                              "Shared Read Blocks": 0,
                              "Shared Dirtied Blocks": 0,
                              "Shared Written Blocks": 0,
                              "Local Hit Blocks": 0,
                              "Local Read Blocks": 0,
                              "Local Dirtied Blocks": 0,
                              "Local Written Blocks": 0,
                              "Temp Read Blocks": 0,
                              "Temp Written Blocks": 0,
                              "I/O Read Time": 0.000,
                              "I/O Write Time": 0.000,
                              "Plans": [
                                {
                                  "Node Type": "Seq Scan",
                                  "Parent Relationship": "Outer",
                                  "Relation Name": "supplier",
                                  "Schema": "public",
                                  "Alias": "supplier_1",
                                  "Startup Cost": 0.00,
                                  "Total Cost": 338.00,
                                  "Plan Rows": 9108,
                                  "Plan Width": 8,
                                  "Actual Startup Time": 0.008,
                                  "Actual Total Time": 3.687,
                                  "Actual Rows": 9114,
                                  "Actual Loops": 1,
                                  "Output": ["supplier_1.s_suppkey", "supplier_1.s_name", "supplier_1.s_address", "supplier_1.s_nationkey", "supplier_1.s_phone", "supplier_1.s_acctbal", "supplier_1.s_comment"],
                                  "Filter": "(supplier_1.s_acctbal > 0::numeric)",
                                  "Rows Removed by Filter": 886,
                                  "Shared Hit Blocks": 213,
                                  "Shared Read Blocks": 0,
                                  "Shared Dirtied Blocks": 0,
                                  "Shared Written Blocks": 0,
                                  "Local Hit Blocks": 0,
                                  "Local Read Blocks": 0,
                                  "Local Dirtied Blocks": 0,
                                  "Local Written Blocks": 0,
                                  "Temp Read Blocks": 0,
                                  "Temp Written Blocks": 0,
                                  "I/O Read Time": 0.000,
                                  "I/O Write Time": 0.000
                                },
                                {
                                  "Node Type": "Hash",
                                  "Parent Relationship": "Inner",
                                  "Startup Cost": 1.31,
                                  "Total Cost": 1.31,
                                  "Plan Rows": 1,
                                  "Plan Width": 4,
                                  "Actual Startup Time": 0.013,
                                  "Actual Total Time": 0.013,
                                  "Actual Rows": 5,
                                  "Actual Loops": 1,
                                  "Output": ["nation_1.n_nationkey"],
                                  "Hash Buckets": 1024,
                                  "Hash Batches": 1,
                                  "Original Hash Batches": 1,
                                  "Peak Memory Usage": 1,
                                  "Shared Hit Blocks": 1,
                                  "Shared Read Blocks": 0,
                                  "Shared Dirtied Blocks": 0,
                                  "Shared Written Blocks": 0,
                                  "Local Hit Blocks": 0,
                                  "Local Read Blocks": 0,
                                  "Local Dirtied Blocks": 0,
                                  "Local Written Blocks": 0,
                                  "Temp Read Blocks": 0,
                                  "Temp Written Blocks": 0,
                                  "I/O Read Time": 0.000,
                                  "I/O Write Time": 0.000,
                                  "Plans": [
                                    {
                                      "Node Type": "Seq Scan",
                                      "Parent Relationship": "Outer",
                                      "Relation Name": "nation",
                                      "Schema": "public",
                                      "Alias": "nation_1",
                                      "Startup Cost": 0.00,
                                      "Total Cost": 1.31,
                                      "Plan Rows": 1,
                                      "Plan Width": 4,
                                      "Actual Startup Time": 0.006,
                                      "Actual Total Time": 0.010,
                                      "Actual Rows": 5,
                                      "Actual Loops": 1,
                                      "Output": ["nation_1.n_nationkey"],
                                      "Filter": "(nation_1.n_regionkey = 4)",
                                      "Rows Removed by Filter": 20,
                                      "Shared Hit Blocks": 1,
                                      "Shared Read Blocks": 0,
                                      "Shared Dirtied Blocks": 0,
                                      "Shared Written Blocks": 0,
                                      "Local Hit Blocks": 0,
                                      "Local Read Blocks": 0,
                                      "Local Dirtied Blocks": 0,
                                      "Local Written Blocks": 0,
                                      "Temp Read Blocks": 0,
                                      "Temp Written Blocks": 0,
                                      "I/O Read Time": 0.000,
                                      "I/O Write Time": 0.000
                                    }
                                  ]
                                }
                              ]
                            }
                          ]
                        }
                      ]
                    }
                  ]
                }
              ]
            }
          ]
        }
      ]
    },
    "Planning Time": 79.406,
    "Triggers": [
    ],
    "Execution Time": 63493.195
  }
]
